2025-04-06 19:02:25 [main] ERROR o.s.boot.SpringApplication - Application run failed
java.lang.IllegalStateException: java.lang.IllegalStateException: Logback configuration error detected: 
ERROR in ch.qos.logback.core.joran.action.AppenderAction - Could not create an Appender of type [io.sentry.logback.SentryAppender]. ch.qos.logback.core.util.DynamicClassLoadingException: Failed to instantiate type io.sentry.logback.SentryAppender
ERROR in ch.qos.logback.core.joran.spi.Interpreter@10:70 - ActionException in Action for tag [appender] ch.qos.logback.core.joran.spi.ActionException: ch.qos.logback.core.util.DynamicClassLoadingException: Failed to instantiate type io.sentry.logback.SentryAppender
ERROR in ch.qos.logback.core.joran.action.AppenderRefAction - Could not find an appender named [Sentry]. Did you define it below instead of above in the configuration file?
ERROR in ch.qos.logback.core.joran.action.AppenderRefAction - See http://logback.qos.ch/codes.html#appender_order for more details.
ERROR in ch.qos.logback.core.joran.action.AppenderRefAction - Could not find an appender named [Sentry]. Did you define it below instead of above in the configuration file?
ERROR in ch.qos.logback.core.joran.action.AppenderRefAction - See http://logback.qos.ch/codes.html#appender_order for more details.
	at org.springframework.boot.context.logging.LoggingApplicationListener.initializeSystem(LoggingApplicationListener.java:344)
	at org.springframework.boot.context.logging.LoggingApplicationListener.initialize(LoggingApplicationListener.java:298)
	at org.springframework.boot.context.logging.LoggingApplicationListener.onApplicationEnvironmentPreparedEvent(LoggingApplicationListener.java:246)
	at org.springframework.boot.context.logging.LoggingApplicationListener.onApplicationEvent(LoggingApplicationListener.java:223)
	at org.springframework.context.event.SimpleApplicationEventMulticaster.doInvokeListener(SimpleApplicationEventMulticaster.java:178)
	at org.springframework.context.event.SimpleApplicationEventMulticaster.invokeListener(SimpleApplicationEventMulticaster.java:171)
	at org.springframework.context.event.SimpleApplicationEventMulticaster.multicastEvent(SimpleApplicationEventMulticaster.java:145)
	at org.springframework.context.event.SimpleApplicationEventMulticaster.multicastEvent(SimpleApplicationEventMulticaster.java:133)
	at org.springframework.boot.context.event.EventPublishingRunListener.environmentPrepared(EventPublishingRunListener.java:85)
	at org.springframework.boot.SpringApplicationRunListeners.lambda$environmentPrepared$2(SpringApplicationRunListeners.java:66)
	at java.base/java.util.ArrayList.forEach(ArrayList.java:1541)
	at org.springframework.boot.SpringApplicationRunListeners.doWithListeners(SpringApplicationRunListeners.java:120)
	at org.springframework.boot.SpringApplicationRunListeners.doWithListeners(SpringApplicationRunListeners.java:114)
	at org.springframework.boot.SpringApplicationRunListeners.environmentPrepared(SpringApplicationRunListeners.java:65)
	at org.springframework.boot.SpringApplication.prepareEnvironment(SpringApplication.java:344)
	at org.springframework.boot.SpringApplication.run(SpringApplication.java:302)
	at org.springframework.boot.SpringApplication.run(SpringApplication.java:1300)
	at org.springframework.boot.SpringApplication.run(SpringApplication.java:1289)
	at com.example.base.Application.main(Application.java:15)
	at java.base/jdk.internal.reflect.NativeMethodAccessorImpl.invoke0(Native Method)
	at java.base/jdk.internal.reflect.NativeMethodAccessorImpl.invoke(NativeMethodAccessorImpl.java:62)
	at java.base/jdk.internal.reflect.DelegatingMethodAccessorImpl.invoke(DelegatingMethodAccessorImpl.java:43)
	at java.base/java.lang.reflect.Method.invoke(Method.java:566)
	at org.springframework.boot.loader.MainMethodRunner.run(MainMethodRunner.java:49)
	at org.springframework.boot.loader.Launcher.launch(Launcher.java:108)
	at org.springframework.boot.loader.Launcher.launch(Launcher.java:58)
	at org.springframework.boot.loader.JarLauncher.main(JarLauncher.java:65)
Caused by: java.lang.IllegalStateException: Logback configuration error detected: 
ERROR in ch.qos.logback.core.joran.action.AppenderAction - Could not create an Appender of type [io.sentry.logback.SentryAppender]. ch.qos.logback.core.util.DynamicClassLoadingException: Failed to instantiate type io.sentry.logback.SentryAppender
ERROR in ch.qos.logback.core.joran.spi.Interpreter@10:70 - ActionException in Action for tag [appender] ch.qos.logback.core.joran.spi.ActionException: ch.qos.logback.core.util.DynamicClassLoadingException: Failed to instantiate type io.sentry.logback.SentryAppender
ERROR in ch.qos.logback.core.joran.action.AppenderRefAction - Could not find an appender named [Sentry]. Did you define it below instead of above in the configuration file?
ERROR in ch.qos.logback.core.joran.action.AppenderRefAction - See http://logback.qos.ch/codes.html#appender_order for more details.
ERROR in ch.qos.logback.core.joran.action.AppenderRefAction - Could not find an appender named [Sentry]. Did you define it below instead of above in the configuration file?
ERROR in ch.qos.logback.core.joran.action.AppenderRefAction - See http://logback.qos.ch/codes.html#appender_order for more details.
	at org.springframework.boot.logging.logback.LogbackLoggingSystem.reportConfigurationErrorsIfNecessary(LogbackLoggingSystem.java:189)
	at org.springframework.boot.logging.logback.LogbackLoggingSystem.loadConfiguration(LogbackLoggingSystem.java:170)
	at org.springframework.boot.logging.AbstractLoggingSystem.initializeWithConventions(AbstractLoggingSystem.java:80)
	at org.springframework.boot.logging.AbstractLoggingSystem.initialize(AbstractLoggingSystem.java:60)
	at org.springframework.boot.logging.logback.LogbackLoggingSystem.initialize(LogbackLoggingSystem.java:132)
	at org.springframework.boot.context.logging.LoggingApplicationListener.initializeSystem(LoggingApplicationListener.java:329)
	... 26 common frames omitted
	Suppressed: ch.qos.logback.core.util.DynamicClassLoadingException: Failed to instantiate type io.sentry.logback.SentryAppender
		at ch.qos.logback.core.util.OptionHelper.instantiateByClassNameAndParameter(OptionHelper.java:68)
		at ch.qos.logback.core.util.OptionHelper.instantiateByClassName(OptionHelper.java:44)
		at ch.qos.logback.core.util.OptionHelper.instantiateByClassName(OptionHelper.java:33)
		at ch.qos.logback.core.joran.action.AppenderAction.begin(AppenderAction.java:52)
		at ch.qos.logback.core.joran.spi.Interpreter.callBeginAction(Interpreter.java:269)
		at ch.qos.logback.core.joran.spi.Interpreter.startElement(Interpreter.java:145)
		at ch.qos.logback.core.joran.spi.Interpreter.startElement(Interpreter.java:128)
		at ch.qos.logback.core.joran.spi.EventPlayer.play(EventPlayer.java:50)
		at ch.qos.logback.core.joran.GenericConfigurator.doConfigure(GenericConfigurator.java:165)
		at ch.qos.logback.core.joran.GenericConfigurator.doConfigure(GenericConfigurator.java:152)
		at ch.qos.logback.core.joran.GenericConfigurator.doConfigure(GenericConfigurator.java:110)
		at ch.qos.logback.core.joran.GenericConfigurator.doConfigure(GenericConfigurator.java:53)
		at org.springframework.boot.logging.logback.LogbackLoggingSystem.configureByResourceUrl(LogbackLoggingSystem.java:199)
		at org.springframework.boot.logging.logback.LogbackLoggingSystem.loadConfiguration(LogbackLoggingSystem.java:165)
		... 30 common frames omitted
	Caused by: java.lang.ClassNotFoundException: io.sentry.logback.SentryAppender
		at java.base/java.net.URLClassLoader.findClass(URLClassLoader.java:476)
		at java.base/java.lang.ClassLoader.loadClass(ClassLoader.java:589)
		at org.springframework.boot.loader.LaunchedURLClassLoader.loadClass(LaunchedURLClassLoader.java:151)
		at java.base/java.lang.ClassLoader.loadClass(ClassLoader.java:522)
		at ch.qos.logback.core.util.OptionHelper.instantiateByClassNameAndParameter(OptionHelper.java:55)
		... 43 common frames omitted
	Suppressed: ch.qos.logback.core.joran.spi.ActionException: ch.qos.logback.core.util.DynamicClassLoadingException: Failed to instantiate type io.sentry.logback.SentryAppender
		at ch.qos.logback.core.joran.action.AppenderAction.begin(AppenderAction.java:76)
		at ch.qos.logback.core.joran.spi.Interpreter.callBeginAction(Interpreter.java:269)
		at ch.qos.logback.core.joran.spi.Interpreter.startElement(Interpreter.java:145)
		at ch.qos.logback.core.joran.spi.Interpreter.startElement(Interpreter.java:128)
		at ch.qos.logback.core.joran.spi.EventPlayer.play(EventPlayer.java:50)
		at ch.qos.logback.core.joran.GenericConfigurator.doConfigure(GenericConfigurator.java:165)
		at ch.qos.logback.core.joran.GenericConfigurator.doConfigure(GenericConfigurator.java:152)
		at ch.qos.logback.core.joran.GenericConfigurator.doConfigure(GenericConfigurator.java:110)
		at ch.qos.logback.core.joran.GenericConfigurator.doConfigure(GenericConfigurator.java:53)
		at org.springframework.boot.logging.logback.LogbackLoggingSystem.configureByResourceUrl(LogbackLoggingSystem.java:199)
		at org.springframework.boot.logging.logback.LogbackLoggingSystem.loadConfiguration(LogbackLoggingSystem.java:165)
		... 30 common frames omitted
	Caused by: ch.qos.logback.core.util.DynamicClassLoadingException: Failed to instantiate type io.sentry.logback.SentryAppender
2025-04-06 19:06:17 [main] INFO  com.example.base.Application - Starting Application v0.0.1-SNAPSHOT using Java 11.0.16 on bdf2cd458ab8 with PID 9 (/opt/app.jar started by root in /app)
2025-04-06 19:06:17 [main] DEBUG com.example.base.Application - Running with Spring Boot v2.7.18, Spring v5.3.31
2025-04-06 19:06:17 [main] INFO  com.example.base.Application - The following 1 profile is active: "dev"
2025-04-06 19:06:19 [main] INFO  o.s.d.r.c.RepositoryConfigurationDelegate - Multiple Spring Data modules found, entering strict repository configuration mode
2025-04-06 19:06:19 [main] INFO  o.s.d.r.c.RepositoryConfigurationDelegate - Bootstrapping Spring Data JPA repositories in DEFAULT mode.
2025-04-06 19:06:19 [main] INFO  o.s.d.r.c.RepositoryConfigurationDelegate - Finished Spring Data repository scanning in 9 ms. Found 0 JPA repository interfaces.
2025-04-06 19:06:19 [main] INFO  o.s.d.r.c.RepositoryConfigurationDelegate - Multiple Spring Data modules found, entering strict repository configuration mode
2025-04-06 19:06:19 [main] INFO  o.s.d.r.c.RepositoryConfigurationDelegate - Bootstrapping Spring Data MongoDB repositories in DEFAULT mode.
2025-04-06 19:06:19 [main] INFO  o.s.d.r.c.RepositoryConfigurationDelegate - Finished Spring Data repository scanning in 2 ms. Found 0 MongoDB repository interfaces.
2025-04-06 19:06:19 [main] INFO  o.s.d.r.c.RepositoryConfigurationDelegate - Multiple Spring Data modules found, entering strict repository configuration mode
2025-04-06 19:06:19 [main] INFO  o.s.d.r.c.RepositoryConfigurationDelegate - Bootstrapping Spring Data Redis repositories in DEFAULT mode.
2025-04-06 19:06:19 [main] INFO  o.s.d.r.c.RepositoryConfigurationDelegate - Finished Spring Data repository scanning in 3 ms. Found 0 Redis repository interfaces.
2025-04-06 19:06:20 [main] INFO  o.s.c.s.PostProcessorRegistrationDelegate$BeanPostProcessorChecker - Bean 'io.sentry.spring.checkin.SentryCheckInAdviceConfiguration' of type [io.sentry.spring.checkin.SentryCheckInAdviceConfiguration] is not eligible for getting processed by all BeanPostProcessors (for example: not eligible for auto-proxying)
2025-04-06 19:06:20 [main] INFO  o.s.c.s.PostProcessorRegistrationDelegate$BeanPostProcessorChecker - Bean 'io.sentry.spring.checkin.SentryCheckInPointcutConfiguration' of type [io.sentry.spring.checkin.SentryCheckInPointcutConfiguration] is not eligible for getting processed by all BeanPostProcessors (for example: not eligible for auto-proxying)
2025-04-06 19:06:20 [main] INFO  o.s.c.s.PostProcessorRegistrationDelegate$BeanPostProcessorChecker - Bean 'sentryCheckInPointcut' of type [org.springframework.aop.support.ComposablePointcut] is not eligible for getting processed by all BeanPostProcessors (for example: not eligible for auto-proxying)
2025-04-06 19:06:20 [main] INFO  o.s.c.s.PostProcessorRegistrationDelegate$BeanPostProcessorChecker - Bean 'io.sentry.spring.boot.SentryAutoConfiguration$HubConfiguration' of type [io.sentry.spring.boot.SentryAutoConfiguration$HubConfiguration] is not eligible for getting processed by all BeanPostProcessors (for example: not eligible for auto-proxying)
2025-04-06 19:06:20 [main] INFO  o.s.c.s.PostProcessorRegistrationDelegate$BeanPostProcessorChecker - Bean 'io.sentry.spring.boot.SentryAutoConfiguration$HubConfiguration$ContextTagsEventProcessorConfiguration' of type [io.sentry.spring.boot.SentryAutoConfiguration$HubConfiguration$ContextTagsEventProcessorConfiguration] is not eligible for getting processed by all BeanPostProcessors (for example: not eligible for auto-proxying)
2025-04-06 19:06:20 [main] INFO  o.s.c.s.PostProcessorRegistrationDelegate$BeanPostProcessorChecker - Bean 'sentry-io.sentry.spring.boot.SentryProperties' of type [io.sentry.spring.boot.SentryProperties] is not eligible for getting processed by all BeanPostProcessors (for example: not eligible for auto-proxying)
2025-04-06 19:06:20 [main] INFO  o.s.c.s.PostProcessorRegistrationDelegate$BeanPostProcessorChecker - Bean 'contextTagsEventProcessor' of type [io.sentry.spring.ContextTagsEventProcessor] is not eligible for getting processed by all BeanPostProcessors (for example: not eligible for auto-proxying)
2025-04-06 19:06:20 [main] INFO  o.s.c.s.PostProcessorRegistrationDelegate$BeanPostProcessorChecker - Bean 'inAppPackagesResolver' of type [io.sentry.spring.boot.InAppIncludesResolver] is not eligible for getting processed by all BeanPostProcessors (for example: not eligible for auto-proxying)
2025-04-06 19:06:20 [main] INFO  o.s.c.s.PostProcessorRegistrationDelegate$BeanPostProcessorChecker - Bean 'sentryOptionsConfiguration' of type [io.sentry.spring.boot.SentryAutoConfiguration$HubConfiguration$$Lambda$525/0x00000008404dc840] is not eligible for getting processed by all BeanPostProcessors (for example: not eligible for auto-proxying)
2025-04-06 19:06:20 [main] INFO  o.s.c.s.PostProcessorRegistrationDelegate$BeanPostProcessorChecker - Bean 'application' of type [com.example.base.Application$$EnhancerBySpringCGLIB$$27bc5571] is not eligible for getting processed by all BeanPostProcessors (for example: not eligible for auto-proxying)
2025-04-06 19:06:20 [main] INFO  o.s.c.s.PostProcessorRegistrationDelegate$BeanPostProcessorChecker - Bean 'sentryHub' of type [io.sentry.HubAdapter] is not eligible for getting processed by all BeanPostProcessors (for example: not eligible for auto-proxying)
2025-04-06 19:06:20 [main] INFO  o.s.c.s.PostProcessorRegistrationDelegate$BeanPostProcessorChecker - Bean 'sentryCheckInAdvice' of type [io.sentry.spring.checkin.SentryCheckInAdvice] is not eligible for getting processed by all BeanPostProcessors (for example: not eligible for auto-proxying)
2025-04-06 19:06:20 [main] INFO  o.s.c.s.PostProcessorRegistrationDelegate$BeanPostProcessorChecker - Bean 'sentryCheckInAdvisor' of type [org.springframework.aop.support.DefaultPointcutAdvisor] is not eligible for getting processed by all BeanPostProcessors (for example: not eligible for auto-proxying)
2025-04-06 19:06:20 [main] INFO  o.s.c.s.PostProcessorRegistrationDelegate$BeanPostProcessorChecker - Bean 'io.sentry.spring.exception.SentryExceptionParameterAdviceConfiguration' of type [io.sentry.spring.exception.SentryExceptionParameterAdviceConfiguration] is not eligible for getting processed by all BeanPostProcessors (for example: not eligible for auto-proxying)
2025-04-06 19:06:20 [main] INFO  o.s.c.s.PostProcessorRegistrationDelegate$BeanPostProcessorChecker - Bean 'io.sentry.spring.exception.SentryCaptureExceptionParameterPointcutConfiguration' of type [io.sentry.spring.exception.SentryCaptureExceptionParameterPointcutConfiguration] is not eligible for getting processed by all BeanPostProcessors (for example: not eligible for auto-proxying)
2025-04-06 19:06:20 [main] INFO  o.s.c.s.PostProcessorRegistrationDelegate$BeanPostProcessorChecker - Bean 'sentryCaptureExceptionParameterPointcut' of type [org.springframework.aop.support.ComposablePointcut] is not eligible for getting processed by all BeanPostProcessors (for example: not eligible for auto-proxying)
2025-04-06 19:06:20 [main] INFO  o.s.c.s.PostProcessorRegistrationDelegate$BeanPostProcessorChecker - Bean 'sentryCaptureExceptionParameterAdvice' of type [io.sentry.spring.exception.SentryCaptureExceptionParameterAdvice] is not eligible for getting processed by all BeanPostProcessors (for example: not eligible for auto-proxying)
2025-04-06 19:06:20 [main] INFO  o.s.c.s.PostProcessorRegistrationDelegate$BeanPostProcessorChecker - Bean 'sentryCaptureExceptionParameterAdvisor' of type [org.springframework.aop.support.DefaultPointcutAdvisor] is not eligible for getting processed by all BeanPostProcessors (for example: not eligible for auto-proxying)
2025-04-06 19:06:20 [main] INFO  o.s.c.s.PostProcessorRegistrationDelegate$BeanPostProcessorChecker - Bean 'io.sentry.spring.tracing.SentryAdviceConfiguration' of type [io.sentry.spring.tracing.SentryAdviceConfiguration] is not eligible for getting processed by all BeanPostProcessors (for example: not eligible for auto-proxying)
2025-04-06 19:06:20 [main] INFO  o.s.c.s.PostProcessorRegistrationDelegate$BeanPostProcessorChecker - Bean 'io.sentry.spring.tracing.SentrySpanPointcutConfiguration' of type [io.sentry.spring.tracing.SentrySpanPointcutConfiguration] is not eligible for getting processed by all BeanPostProcessors (for example: not eligible for auto-proxying)
2025-04-06 19:06:20 [main] INFO  o.s.c.s.PostProcessorRegistrationDelegate$BeanPostProcessorChecker - Bean 'sentrySpanPointcut' of type [org.springframework.aop.support.ComposablePointcut] is not eligible for getting processed by all BeanPostProcessors (for example: not eligible for auto-proxying)
2025-04-06 19:06:20 [main] INFO  o.s.c.s.PostProcessorRegistrationDelegate$BeanPostProcessorChecker - Bean 'sentrySpanAdvice' of type [io.sentry.spring.tracing.SentrySpanAdvice] is not eligible for getting processed by all BeanPostProcessors (for example: not eligible for auto-proxying)
2025-04-06 19:06:20 [main] INFO  o.s.c.s.PostProcessorRegistrationDelegate$BeanPostProcessorChecker - Bean 'sentrySpanAdvisor' of type [org.springframework.aop.support.DefaultPointcutAdvisor] is not eligible for getting processed by all BeanPostProcessors (for example: not eligible for auto-proxying)
2025-04-06 19:06:20 [main] INFO  o.s.c.s.PostProcessorRegistrationDelegate$BeanPostProcessorChecker - Bean 'io.sentry.spring.tracing.SentryTransactionPointcutConfiguration' of type [io.sentry.spring.tracing.SentryTransactionPointcutConfiguration] is not eligible for getting processed by all BeanPostProcessors (for example: not eligible for auto-proxying)
2025-04-06 19:06:20 [main] INFO  o.s.c.s.PostProcessorRegistrationDelegate$BeanPostProcessorChecker - Bean 'sentryTransactionPointcut' of type [org.springframework.aop.support.ComposablePointcut] is not eligible for getting processed by all BeanPostProcessors (for example: not eligible for auto-proxying)
2025-04-06 19:06:20 [main] INFO  o.s.c.s.PostProcessorRegistrationDelegate$BeanPostProcessorChecker - Bean 'sentryTransactionAdvice' of type [io.sentry.spring.tracing.SentryTransactionAdvice] is not eligible for getting processed by all BeanPostProcessors (for example: not eligible for auto-proxying)
2025-04-06 19:06:20 [main] INFO  o.s.c.s.PostProcessorRegistrationDelegate$BeanPostProcessorChecker - Bean 'sentryTransactionAdvisor' of type [org.springframework.aop.support.DefaultPointcutAdvisor] is not eligible for getting processed by all BeanPostProcessors (for example: not eligible for auto-proxying)
2025-04-06 19:06:21 [main] INFO  o.s.b.w.e.tomcat.TomcatWebServer - Tomcat initialized with port(s): 8080 (http)
2025-04-06 19:06:21 [main] INFO  o.a.catalina.core.StandardService - Starting service [Tomcat]
2025-04-06 19:06:21 [main] INFO  o.a.catalina.core.StandardEngine - Starting Servlet engine: [Apache Tomcat/9.0.83]
2025-04-06 19:06:21 [main] INFO  o.a.c.c.C.[.[localhost].[/api] - Initializing Spring embedded WebApplicationContext
2025-04-06 19:06:21 [main] INFO  o.s.b.w.s.c.ServletWebServerApplicationContext - Root WebApplicationContext: initialization completed in 3766 ms
2025-04-06 19:06:22 [main] INFO  o.h.jpa.internal.util.LogHelper - HHH000204: Processing PersistenceUnitInfo [name: default]
2025-04-06 19:06:22 [main] INFO  org.hibernate.Version - HHH000412: Hibernate ORM core version 5.6.15.Final
2025-04-06 19:06:22 [main] INFO  o.h.annotations.common.Version - HCANN000001: Hibernate Commons Annotations {5.1.2.Final}
2025-04-06 19:06:22 [main] INFO  com.zaxxer.hikari.HikariDataSource - HikariPool-1 - Starting...
2025-04-06 19:06:22 [main] INFO  com.zaxxer.hikari.HikariDataSource - HikariPool-1 - Start completed.
2025-04-06 19:06:22 [main] INFO  org.hibernate.dialect.Dialect - HHH000400: Using dialect: org.hibernate.dialect.PostgreSQLDialect
2025-04-06 19:06:23 [main] INFO  o.h.e.t.j.p.i.JtaPlatformInitiator - HHH000490: Using JtaPlatform implementation: [org.hibernate.engine.transaction.jta.platform.internal.NoJtaPlatform]
2025-04-06 19:06:23 [main] INFO  o.s.o.j.LocalContainerEntityManagerFactoryBean - Initialized JPA EntityManagerFactory for persistence unit 'default'
2025-04-06 19:06:23 [main] WARN  o.s.b.w.s.c.AnnotationConfigServletWebServerApplicationContext - Exception encountered during context initialization - cancelling refresh attempt: org.springframework.beans.factory.UnsatisfiedDependencyException: Error creating bean with name 'securityConfig' defined in URL [jar:file:/opt/app.jar!/BOOT-INF/classes!/com/example/base/security/SecurityConfig.class]: Unsatisfied dependency expressed through constructor parameter 0; nested exception is org.springframework.beans.factory.NoSuchBeanDefinitionException: No qualifying bean of type 'com.example.base.security.JwtAuthenticationFilter' available: expected at least 1 bean which qualifies as autowire candidate. Dependency annotations: {}
2025-04-06 19:06:23 [main] INFO  o.s.o.j.LocalContainerEntityManagerFactoryBean - Closing JPA EntityManagerFactory for persistence unit 'default'
2025-04-06 19:06:23 [main] INFO  com.zaxxer.hikari.HikariDataSource - HikariPool-1 - Shutdown initiated...
2025-04-06 19:06:23 [main] INFO  com.zaxxer.hikari.HikariDataSource - HikariPool-1 - Shutdown completed.
2025-04-06 19:06:23 [main] INFO  o.a.catalina.core.StandardService - Stopping service [Tomcat]
2025-04-06 19:06:23 [main] INFO  o.s.b.a.l.ConditionEvaluationReportLoggingListener - 

Error starting ApplicationContext. To display the conditions report re-run your application with 'debug' enabled.
2025-04-06 19:06:23 [main] ERROR o.s.b.d.LoggingFailureAnalysisReporter - 

***************************
APPLICATION FAILED TO START
***************************

Description:

Parameter 0 of constructor in com.example.base.security.SecurityConfig required a bean of type 'com.example.base.security.JwtAuthenticationFilter' that could not be found.


Action:

Consider defining a bean of type 'com.example.base.security.JwtAuthenticationFilter' in your configuration.

2025-04-06 19:12:19 [main] INFO  com.example.base.Application - Starting Application v0.0.1-SNAPSHOT using Java 11.0.16 on 42c3bdab2bb7 with PID 8 (/opt/app.jar started by root in /app)
2025-04-06 19:12:19 [main] DEBUG com.example.base.Application - Running with Spring Boot v2.7.18, Spring v5.3.31
2025-04-06 19:12:19 [main] INFO  com.example.base.Application - The following 1 profile is active: "dev"
2025-04-06 19:12:21 [main] INFO  o.s.d.r.c.RepositoryConfigurationDelegate - Multiple Spring Data modules found, entering strict repository configuration mode
2025-04-06 19:12:21 [main] INFO  o.s.d.r.c.RepositoryConfigurationDelegate - Bootstrapping Spring Data JPA repositories in DEFAULT mode.
2025-04-06 19:12:21 [main] INFO  o.s.d.r.c.RepositoryConfigurationDelegate - Finished Spring Data repository scanning in 10 ms. Found 0 JPA repository interfaces.
2025-04-06 19:12:21 [main] INFO  o.s.d.r.c.RepositoryConfigurationDelegate - Multiple Spring Data modules found, entering strict repository configuration mode
2025-04-06 19:12:21 [main] INFO  o.s.d.r.c.RepositoryConfigurationDelegate - Bootstrapping Spring Data MongoDB repositories in DEFAULT mode.
2025-04-06 19:12:21 [main] INFO  o.s.d.r.c.RepositoryConfigurationDelegate - Finished Spring Data repository scanning in 2 ms. Found 0 MongoDB repository interfaces.
2025-04-06 19:12:21 [main] INFO  o.s.d.r.c.RepositoryConfigurationDelegate - Multiple Spring Data modules found, entering strict repository configuration mode
2025-04-06 19:12:21 [main] INFO  o.s.d.r.c.RepositoryConfigurationDelegate - Bootstrapping Spring Data Redis repositories in DEFAULT mode.
2025-04-06 19:12:21 [main] INFO  o.s.d.r.c.RepositoryConfigurationDelegate - Finished Spring Data repository scanning in 2 ms. Found 0 Redis repository interfaces.
2025-04-06 19:12:22 [main] INFO  o.s.c.s.PostProcessorRegistrationDelegate$BeanPostProcessorChecker - Bean 'io.sentry.spring.checkin.SentryCheckInAdviceConfiguration' of type [io.sentry.spring.checkin.SentryCheckInAdviceConfiguration] is not eligible for getting processed by all BeanPostProcessors (for example: not eligible for auto-proxying)
2025-04-06 19:12:22 [main] INFO  o.s.c.s.PostProcessorRegistrationDelegate$BeanPostProcessorChecker - Bean 'io.sentry.spring.checkin.SentryCheckInPointcutConfiguration' of type [io.sentry.spring.checkin.SentryCheckInPointcutConfiguration] is not eligible for getting processed by all BeanPostProcessors (for example: not eligible for auto-proxying)
2025-04-06 19:12:22 [main] INFO  o.s.c.s.PostProcessorRegistrationDelegate$BeanPostProcessorChecker - Bean 'sentryCheckInPointcut' of type [org.springframework.aop.support.ComposablePointcut] is not eligible for getting processed by all BeanPostProcessors (for example: not eligible for auto-proxying)
2025-04-06 19:12:22 [main] INFO  o.s.c.s.PostProcessorRegistrationDelegate$BeanPostProcessorChecker - Bean 'io.sentry.spring.boot.SentryAutoConfiguration$HubConfiguration' of type [io.sentry.spring.boot.SentryAutoConfiguration$HubConfiguration] is not eligible for getting processed by all BeanPostProcessors (for example: not eligible for auto-proxying)
2025-04-06 19:12:22 [main] INFO  o.s.c.s.PostProcessorRegistrationDelegate$BeanPostProcessorChecker - Bean 'io.sentry.spring.boot.SentryAutoConfiguration$HubConfiguration$ContextTagsEventProcessorConfiguration' of type [io.sentry.spring.boot.SentryAutoConfiguration$HubConfiguration$ContextTagsEventProcessorConfiguration] is not eligible for getting processed by all BeanPostProcessors (for example: not eligible for auto-proxying)
2025-04-06 19:12:22 [main] INFO  o.s.c.s.PostProcessorRegistrationDelegate$BeanPostProcessorChecker - Bean 'sentry-io.sentry.spring.boot.SentryProperties' of type [io.sentry.spring.boot.SentryProperties] is not eligible for getting processed by all BeanPostProcessors (for example: not eligible for auto-proxying)
2025-04-06 19:12:22 [main] INFO  o.s.c.s.PostProcessorRegistrationDelegate$BeanPostProcessorChecker - Bean 'contextTagsEventProcessor' of type [io.sentry.spring.ContextTagsEventProcessor] is not eligible for getting processed by all BeanPostProcessors (for example: not eligible for auto-proxying)
2025-04-06 19:12:22 [main] INFO  o.s.c.s.PostProcessorRegistrationDelegate$BeanPostProcessorChecker - Bean 'inAppPackagesResolver' of type [io.sentry.spring.boot.InAppIncludesResolver] is not eligible for getting processed by all BeanPostProcessors (for example: not eligible for auto-proxying)
2025-04-06 19:12:22 [main] INFO  o.s.c.s.PostProcessorRegistrationDelegate$BeanPostProcessorChecker - Bean 'sentryOptionsConfiguration' of type [io.sentry.spring.boot.SentryAutoConfiguration$HubConfiguration$$Lambda$525/0x00000008404dc840] is not eligible for getting processed by all BeanPostProcessors (for example: not eligible for auto-proxying)
2025-04-06 19:12:22 [main] INFO  o.s.c.s.PostProcessorRegistrationDelegate$BeanPostProcessorChecker - Bean 'application' of type [com.example.base.Application$$EnhancerBySpringCGLIB$$c5de3fa0] is not eligible for getting processed by all BeanPostProcessors (for example: not eligible for auto-proxying)
2025-04-06 19:12:22 [main] INFO  o.s.c.s.PostProcessorRegistrationDelegate$BeanPostProcessorChecker - Bean 'sentryHub' of type [io.sentry.HubAdapter] is not eligible for getting processed by all BeanPostProcessors (for example: not eligible for auto-proxying)
2025-04-06 19:12:22 [main] INFO  o.s.c.s.PostProcessorRegistrationDelegate$BeanPostProcessorChecker - Bean 'sentryCheckInAdvice' of type [io.sentry.spring.checkin.SentryCheckInAdvice] is not eligible for getting processed by all BeanPostProcessors (for example: not eligible for auto-proxying)
2025-04-06 19:12:22 [main] INFO  o.s.c.s.PostProcessorRegistrationDelegate$BeanPostProcessorChecker - Bean 'sentryCheckInAdvisor' of type [org.springframework.aop.support.DefaultPointcutAdvisor] is not eligible for getting processed by all BeanPostProcessors (for example: not eligible for auto-proxying)
2025-04-06 19:12:22 [main] INFO  o.s.c.s.PostProcessorRegistrationDelegate$BeanPostProcessorChecker - Bean 'io.sentry.spring.exception.SentryExceptionParameterAdviceConfiguration' of type [io.sentry.spring.exception.SentryExceptionParameterAdviceConfiguration] is not eligible for getting processed by all BeanPostProcessors (for example: not eligible for auto-proxying)
2025-04-06 19:12:22 [main] INFO  o.s.c.s.PostProcessorRegistrationDelegate$BeanPostProcessorChecker - Bean 'io.sentry.spring.exception.SentryCaptureExceptionParameterPointcutConfiguration' of type [io.sentry.spring.exception.SentryCaptureExceptionParameterPointcutConfiguration] is not eligible for getting processed by all BeanPostProcessors (for example: not eligible for auto-proxying)
2025-04-06 19:12:22 [main] INFO  o.s.c.s.PostProcessorRegistrationDelegate$BeanPostProcessorChecker - Bean 'sentryCaptureExceptionParameterPointcut' of type [org.springframework.aop.support.ComposablePointcut] is not eligible for getting processed by all BeanPostProcessors (for example: not eligible for auto-proxying)
2025-04-06 19:12:22 [main] INFO  o.s.c.s.PostProcessorRegistrationDelegate$BeanPostProcessorChecker - Bean 'sentryCaptureExceptionParameterAdvice' of type [io.sentry.spring.exception.SentryCaptureExceptionParameterAdvice] is not eligible for getting processed by all BeanPostProcessors (for example: not eligible for auto-proxying)
2025-04-06 19:12:22 [main] INFO  o.s.c.s.PostProcessorRegistrationDelegate$BeanPostProcessorChecker - Bean 'sentryCaptureExceptionParameterAdvisor' of type [org.springframework.aop.support.DefaultPointcutAdvisor] is not eligible for getting processed by all BeanPostProcessors (for example: not eligible for auto-proxying)
2025-04-06 19:12:22 [main] INFO  o.s.c.s.PostProcessorRegistrationDelegate$BeanPostProcessorChecker - Bean 'io.sentry.spring.tracing.SentryAdviceConfiguration' of type [io.sentry.spring.tracing.SentryAdviceConfiguration] is not eligible for getting processed by all BeanPostProcessors (for example: not eligible for auto-proxying)
2025-04-06 19:12:22 [main] INFO  o.s.c.s.PostProcessorRegistrationDelegate$BeanPostProcessorChecker - Bean 'io.sentry.spring.tracing.SentrySpanPointcutConfiguration' of type [io.sentry.spring.tracing.SentrySpanPointcutConfiguration] is not eligible for getting processed by all BeanPostProcessors (for example: not eligible for auto-proxying)
2025-04-06 19:12:22 [main] INFO  o.s.c.s.PostProcessorRegistrationDelegate$BeanPostProcessorChecker - Bean 'sentrySpanPointcut' of type [org.springframework.aop.support.ComposablePointcut] is not eligible for getting processed by all BeanPostProcessors (for example: not eligible for auto-proxying)
2025-04-06 19:12:22 [main] INFO  o.s.c.s.PostProcessorRegistrationDelegate$BeanPostProcessorChecker - Bean 'sentrySpanAdvice' of type [io.sentry.spring.tracing.SentrySpanAdvice] is not eligible for getting processed by all BeanPostProcessors (for example: not eligible for auto-proxying)
2025-04-06 19:12:22 [main] INFO  o.s.c.s.PostProcessorRegistrationDelegate$BeanPostProcessorChecker - Bean 'sentrySpanAdvisor' of type [org.springframework.aop.support.DefaultPointcutAdvisor] is not eligible for getting processed by all BeanPostProcessors (for example: not eligible for auto-proxying)
2025-04-06 19:12:22 [main] INFO  o.s.c.s.PostProcessorRegistrationDelegate$BeanPostProcessorChecker - Bean 'io.sentry.spring.tracing.SentryTransactionPointcutConfiguration' of type [io.sentry.spring.tracing.SentryTransactionPointcutConfiguration] is not eligible for getting processed by all BeanPostProcessors (for example: not eligible for auto-proxying)
2025-04-06 19:12:22 [main] INFO  o.s.c.s.PostProcessorRegistrationDelegate$BeanPostProcessorChecker - Bean 'sentryTransactionPointcut' of type [org.springframework.aop.support.ComposablePointcut] is not eligible for getting processed by all BeanPostProcessors (for example: not eligible for auto-proxying)
2025-04-06 19:12:22 [main] INFO  o.s.c.s.PostProcessorRegistrationDelegate$BeanPostProcessorChecker - Bean 'sentryTransactionAdvice' of type [io.sentry.spring.tracing.SentryTransactionAdvice] is not eligible for getting processed by all BeanPostProcessors (for example: not eligible for auto-proxying)
2025-04-06 19:12:22 [main] INFO  o.s.c.s.PostProcessorRegistrationDelegate$BeanPostProcessorChecker - Bean 'sentryTransactionAdvisor' of type [org.springframework.aop.support.DefaultPointcutAdvisor] is not eligible for getting processed by all BeanPostProcessors (for example: not eligible for auto-proxying)
2025-04-06 19:12:22 [main] INFO  o.s.b.w.e.tomcat.TomcatWebServer - Tomcat initialized with port(s): 8080 (http)
2025-04-06 19:12:23 [main] INFO  o.a.catalina.core.StandardService - Starting service [Tomcat]
2025-04-06 19:12:23 [main] INFO  o.a.catalina.core.StandardEngine - Starting Servlet engine: [Apache Tomcat/9.0.83]
2025-04-06 19:12:23 [main] INFO  o.a.c.c.C.[.[localhost].[/api] - Initializing Spring embedded WebApplicationContext
2025-04-06 19:12:23 [main] INFO  o.s.b.w.s.c.ServletWebServerApplicationContext - Root WebApplicationContext: initialization completed in 3639 ms
2025-04-06 19:12:23 [main] DEBUG c.e.b.s.JwtAuthenticationFilter - Filter 'jwtAuthenticationFilter' configured for use
2025-04-06 19:12:23 [main] INFO  o.h.jpa.internal.util.LogHelper - HHH000204: Processing PersistenceUnitInfo [name: default]
2025-04-06 19:12:23 [main] INFO  org.hibernate.Version - HHH000412: Hibernate ORM core version 5.6.15.Final
2025-04-06 19:12:23 [main] INFO  o.h.annotations.common.Version - HCANN000001: Hibernate Commons Annotations {5.1.2.Final}
2025-04-06 19:12:23 [main] INFO  com.zaxxer.hikari.HikariDataSource - HikariPool-1 - Starting...
2025-04-06 19:12:24 [main] INFO  com.zaxxer.hikari.HikariDataSource - HikariPool-1 - Start completed.
2025-04-06 19:12:24 [main] INFO  org.hibernate.dialect.Dialect - HHH000400: Using dialect: org.hibernate.dialect.PostgreSQLDialect
2025-04-06 19:12:24 [main] INFO  o.h.e.t.j.p.i.JtaPlatformInitiator - HHH000490: Using JtaPlatform implementation: [org.hibernate.engine.transaction.jta.platform.internal.NoJtaPlatform]
2025-04-06 19:12:24 [main] INFO  o.s.o.j.LocalContainerEntityManagerFactoryBean - Initialized JPA EntityManagerFactory for persistence unit 'default'
2025-04-06 19:12:24 [main] WARN  o.s.b.w.s.c.AnnotationConfigServletWebServerApplicationContext - Exception encountered during context initialization - cancelling refresh attempt: org.springframework.beans.factory.BeanCreationException: Error creating bean with name 'jwtTokenProvider': Injection of autowired dependencies failed; nested exception is java.lang.IllegalArgumentException: Could not resolve placeholder 'app.jwtSecret' in value "${app.jwtSecret}"
2025-04-06 19:12:24 [main] INFO  o.s.o.j.LocalContainerEntityManagerFactoryBean - Closing JPA EntityManagerFactory for persistence unit 'default'
2025-04-06 19:12:24 [main] INFO  com.zaxxer.hikari.HikariDataSource - HikariPool-1 - Shutdown initiated...
2025-04-06 19:12:24 [main] INFO  com.zaxxer.hikari.HikariDataSource - HikariPool-1 - Shutdown completed.
2025-04-06 19:12:24 [main] INFO  o.a.catalina.core.StandardService - Stopping service [Tomcat]
2025-04-06 19:12:24 [main] INFO  o.s.b.a.l.ConditionEvaluationReportLoggingListener - 

Error starting ApplicationContext. To display the conditions report re-run your application with 'debug' enabled.
2025-04-06 19:12:24 [main] ERROR o.s.boot.SpringApplication - Application run failed
org.springframework.beans.factory.BeanCreationException: Error creating bean with name 'jwtTokenProvider': Injection of autowired dependencies failed; nested exception is java.lang.IllegalArgumentException: Could not resolve placeholder 'app.jwtSecret' in value "${app.jwtSecret}"
	at org.springframework.beans.factory.annotation.AutowiredAnnotationBeanPostProcessor.postProcessProperties(AutowiredAnnotationBeanPostProcessor.java:414)
	at org.springframework.beans.factory.support.AbstractAutowireCapableBeanFactory.populateBean(AbstractAutowireCapableBeanFactory.java:1431)
	at org.springframework.beans.factory.support.AbstractAutowireCapableBeanFactory.doCreateBean(AbstractAutowireCapableBeanFactory.java:619)
	at org.springframework.beans.factory.support.AbstractAutowireCapableBeanFactory.createBean(AbstractAutowireCapableBeanFactory.java:542)
	at org.springframework.beans.factory.support.AbstractBeanFactory.lambda$doGetBean$0(AbstractBeanFactory.java:335)
	at org.springframework.beans.factory.support.DefaultSingletonBeanRegistry.getSingleton(DefaultSingletonBeanRegistry.java:234)
	at org.springframework.beans.factory.support.AbstractBeanFactory.doGetBean(AbstractBeanFactory.java:333)
	at org.springframework.beans.factory.support.AbstractBeanFactory.getBean(AbstractBeanFactory.java:208)
	at org.springframework.beans.factory.support.DefaultListableBeanFactory.preInstantiateSingletons(DefaultListableBeanFactory.java:955)
	at org.springframework.context.support.AbstractApplicationContext.finishBeanFactoryInitialization(AbstractApplicationContext.java:929)
	at org.springframework.context.support.AbstractApplicationContext.refresh(AbstractApplicationContext.java:591)
	at org.springframework.boot.web.servlet.context.ServletWebServerApplicationContext.refresh(ServletWebServerApplicationContext.java:147)
	at org.springframework.boot.SpringApplication.refresh(SpringApplication.java:732)
	at org.springframework.boot.SpringApplication.refreshContext(SpringApplication.java:409)
	at org.springframework.boot.SpringApplication.run(SpringApplication.java:308)
	at org.springframework.boot.SpringApplication.run(SpringApplication.java:1300)
	at org.springframework.boot.SpringApplication.run(SpringApplication.java:1289)
	at com.example.base.Application.main(Application.java:15)
	at java.base/jdk.internal.reflect.NativeMethodAccessorImpl.invoke0(Native Method)
	at java.base/jdk.internal.reflect.NativeMethodAccessorImpl.invoke(NativeMethodAccessorImpl.java:62)
	at java.base/jdk.internal.reflect.DelegatingMethodAccessorImpl.invoke(DelegatingMethodAccessorImpl.java:43)
	at java.base/java.lang.reflect.Method.invoke(Method.java:566)
	at org.springframework.boot.loader.MainMethodRunner.run(MainMethodRunner.java:49)
	at org.springframework.boot.loader.Launcher.launch(Launcher.java:108)
	at org.springframework.boot.loader.Launcher.launch(Launcher.java:58)
	at org.springframework.boot.loader.JarLauncher.main(JarLauncher.java:65)
Caused by: java.lang.IllegalArgumentException: Could not resolve placeholder 'app.jwtSecret' in value "${app.jwtSecret}"
	at org.springframework.util.PropertyPlaceholderHelper.parseStringValue(PropertyPlaceholderHelper.java:180)
	at org.springframework.util.PropertyPlaceholderHelper.replacePlaceholders(PropertyPlaceholderHelper.java:126)
	at org.springframework.core.env.AbstractPropertyResolver.doResolvePlaceholders(AbstractPropertyResolver.java:239)
	at org.springframework.core.env.AbstractPropertyResolver.resolveRequiredPlaceholders(AbstractPropertyResolver.java:210)
	at org.springframework.context.support.PropertySourcesPlaceholderConfigurer.lambda$processProperties$0(PropertySourcesPlaceholderConfigurer.java:191)
	at org.springframework.beans.factory.support.AbstractBeanFactory.resolveEmbeddedValue(AbstractBeanFactory.java:936)
	at org.springframework.beans.factory.support.DefaultListableBeanFactory.doResolveDependency(DefaultListableBeanFactory.java:1332)
	at org.springframework.beans.factory.support.DefaultListableBeanFactory.resolveDependency(DefaultListableBeanFactory.java:1311)
	at org.springframework.beans.factory.annotation.AutowiredAnnotationBeanPostProcessor$AutowiredFieldElement.resolveFieldValue(AutowiredAnnotationBeanPostProcessor.java:710)
	at org.springframework.beans.factory.annotation.AutowiredAnnotationBeanPostProcessor$AutowiredFieldElement.inject(AutowiredAnnotationBeanPostProcessor.java:693)
	at org.springframework.beans.factory.annotation.InjectionMetadata.inject(InjectionMetadata.java:119)
	at org.springframework.beans.factory.annotation.AutowiredAnnotationBeanPostProcessor.postProcessProperties(AutowiredAnnotationBeanPostProcessor.java:408)
	... 25 common frames omitted
2025-04-06 19:13:38 [main] INFO  com.example.base.Application - Starting Application v0.0.1-SNAPSHOT using Java 11.0.16 on 42c3bdab2bb7 with PID 8 (/opt/app.jar started by root in /app)
2025-04-06 19:13:38 [main] DEBUG com.example.base.Application - Running with Spring Boot v2.7.18, Spring v5.3.31
2025-04-06 19:13:38 [main] INFO  com.example.base.Application - The following 1 profile is active: "dev"
2025-04-06 19:13:41 [main] INFO  o.s.d.r.c.RepositoryConfigurationDelegate - Multiple Spring Data modules found, entering strict repository configuration mode
2025-04-06 19:13:41 [main] INFO  o.s.d.r.c.RepositoryConfigurationDelegate - Bootstrapping Spring Data JPA repositories in DEFAULT mode.
2025-04-06 19:13:41 [main] INFO  o.s.d.r.c.RepositoryConfigurationDelegate - Finished Spring Data repository scanning in 7 ms. Found 0 JPA repository interfaces.
2025-04-06 19:13:41 [main] INFO  o.s.d.r.c.RepositoryConfigurationDelegate - Multiple Spring Data modules found, entering strict repository configuration mode
2025-04-06 19:13:41 [main] INFO  o.s.d.r.c.RepositoryConfigurationDelegate - Bootstrapping Spring Data MongoDB repositories in DEFAULT mode.
2025-04-06 19:13:41 [main] INFO  o.s.d.r.c.RepositoryConfigurationDelegate - Finished Spring Data repository scanning in 2 ms. Found 0 MongoDB repository interfaces.
2025-04-06 19:13:41 [main] INFO  o.s.d.r.c.RepositoryConfigurationDelegate - Multiple Spring Data modules found, entering strict repository configuration mode
2025-04-06 19:13:41 [main] INFO  o.s.d.r.c.RepositoryConfigurationDelegate - Bootstrapping Spring Data Redis repositories in DEFAULT mode.
2025-04-06 19:13:41 [main] INFO  o.s.d.r.c.RepositoryConfigurationDelegate - Finished Spring Data repository scanning in 2 ms. Found 0 Redis repository interfaces.
2025-04-06 19:13:41 [main] INFO  o.s.c.s.PostProcessorRegistrationDelegate$BeanPostProcessorChecker - Bean 'io.sentry.spring.checkin.SentryCheckInAdviceConfiguration' of type [io.sentry.spring.checkin.SentryCheckInAdviceConfiguration] is not eligible for getting processed by all BeanPostProcessors (for example: not eligible for auto-proxying)
2025-04-06 19:13:41 [main] INFO  o.s.c.s.PostProcessorRegistrationDelegate$BeanPostProcessorChecker - Bean 'io.sentry.spring.checkin.SentryCheckInPointcutConfiguration' of type [io.sentry.spring.checkin.SentryCheckInPointcutConfiguration] is not eligible for getting processed by all BeanPostProcessors (for example: not eligible for auto-proxying)
2025-04-06 19:13:41 [main] INFO  o.s.c.s.PostProcessorRegistrationDelegate$BeanPostProcessorChecker - Bean 'sentryCheckInPointcut' of type [org.springframework.aop.support.ComposablePointcut] is not eligible for getting processed by all BeanPostProcessors (for example: not eligible for auto-proxying)
2025-04-06 19:13:41 [main] INFO  o.s.c.s.PostProcessorRegistrationDelegate$BeanPostProcessorChecker - Bean 'io.sentry.spring.boot.SentryAutoConfiguration$HubConfiguration' of type [io.sentry.spring.boot.SentryAutoConfiguration$HubConfiguration] is not eligible for getting processed by all BeanPostProcessors (for example: not eligible for auto-proxying)
2025-04-06 19:13:41 [main] INFO  o.s.c.s.PostProcessorRegistrationDelegate$BeanPostProcessorChecker - Bean 'io.sentry.spring.boot.SentryAutoConfiguration$HubConfiguration$ContextTagsEventProcessorConfiguration' of type [io.sentry.spring.boot.SentryAutoConfiguration$HubConfiguration$ContextTagsEventProcessorConfiguration] is not eligible for getting processed by all BeanPostProcessors (for example: not eligible for auto-proxying)
2025-04-06 19:13:41 [main] INFO  o.s.c.s.PostProcessorRegistrationDelegate$BeanPostProcessorChecker - Bean 'sentry-io.sentry.spring.boot.SentryProperties' of type [io.sentry.spring.boot.SentryProperties] is not eligible for getting processed by all BeanPostProcessors (for example: not eligible for auto-proxying)
2025-04-06 19:13:41 [main] INFO  o.s.c.s.PostProcessorRegistrationDelegate$BeanPostProcessorChecker - Bean 'contextTagsEventProcessor' of type [io.sentry.spring.ContextTagsEventProcessor] is not eligible for getting processed by all BeanPostProcessors (for example: not eligible for auto-proxying)
2025-04-06 19:13:41 [main] INFO  o.s.c.s.PostProcessorRegistrationDelegate$BeanPostProcessorChecker - Bean 'inAppPackagesResolver' of type [io.sentry.spring.boot.InAppIncludesResolver] is not eligible for getting processed by all BeanPostProcessors (for example: not eligible for auto-proxying)
2025-04-06 19:13:41 [main] INFO  o.s.c.s.PostProcessorRegistrationDelegate$BeanPostProcessorChecker - Bean 'sentryOptionsConfiguration' of type [io.sentry.spring.boot.SentryAutoConfiguration$HubConfiguration$$Lambda$525/0x00000008404dc840] is not eligible for getting processed by all BeanPostProcessors (for example: not eligible for auto-proxying)
2025-04-06 19:13:42 [main] INFO  o.s.c.s.PostProcessorRegistrationDelegate$BeanPostProcessorChecker - Bean 'application' of type [com.example.base.Application$$EnhancerBySpringCGLIB$$a2a28f36] is not eligible for getting processed by all BeanPostProcessors (for example: not eligible for auto-proxying)
2025-04-06 19:13:42 [main] INFO  o.s.c.s.PostProcessorRegistrationDelegate$BeanPostProcessorChecker - Bean 'sentryHub' of type [io.sentry.HubAdapter] is not eligible for getting processed by all BeanPostProcessors (for example: not eligible for auto-proxying)
2025-04-06 19:13:42 [main] INFO  o.s.c.s.PostProcessorRegistrationDelegate$BeanPostProcessorChecker - Bean 'sentryCheckInAdvice' of type [io.sentry.spring.checkin.SentryCheckInAdvice] is not eligible for getting processed by all BeanPostProcessors (for example: not eligible for auto-proxying)
2025-04-06 19:13:42 [main] INFO  o.s.c.s.PostProcessorRegistrationDelegate$BeanPostProcessorChecker - Bean 'sentryCheckInAdvisor' of type [org.springframework.aop.support.DefaultPointcutAdvisor] is not eligible for getting processed by all BeanPostProcessors (for example: not eligible for auto-proxying)
2025-04-06 19:13:42 [main] INFO  o.s.c.s.PostProcessorRegistrationDelegate$BeanPostProcessorChecker - Bean 'io.sentry.spring.exception.SentryExceptionParameterAdviceConfiguration' of type [io.sentry.spring.exception.SentryExceptionParameterAdviceConfiguration] is not eligible for getting processed by all BeanPostProcessors (for example: not eligible for auto-proxying)
2025-04-06 19:13:42 [main] INFO  o.s.c.s.PostProcessorRegistrationDelegate$BeanPostProcessorChecker - Bean 'io.sentry.spring.exception.SentryCaptureExceptionParameterPointcutConfiguration' of type [io.sentry.spring.exception.SentryCaptureExceptionParameterPointcutConfiguration] is not eligible for getting processed by all BeanPostProcessors (for example: not eligible for auto-proxying)
2025-04-06 19:13:42 [main] INFO  o.s.c.s.PostProcessorRegistrationDelegate$BeanPostProcessorChecker - Bean 'sentryCaptureExceptionParameterPointcut' of type [org.springframework.aop.support.ComposablePointcut] is not eligible for getting processed by all BeanPostProcessors (for example: not eligible for auto-proxying)
2025-04-06 19:13:42 [main] INFO  o.s.c.s.PostProcessorRegistrationDelegate$BeanPostProcessorChecker - Bean 'sentryCaptureExceptionParameterAdvice' of type [io.sentry.spring.exception.SentryCaptureExceptionParameterAdvice] is not eligible for getting processed by all BeanPostProcessors (for example: not eligible for auto-proxying)
2025-04-06 19:13:42 [main] INFO  o.s.c.s.PostProcessorRegistrationDelegate$BeanPostProcessorChecker - Bean 'sentryCaptureExceptionParameterAdvisor' of type [org.springframework.aop.support.DefaultPointcutAdvisor] is not eligible for getting processed by all BeanPostProcessors (for example: not eligible for auto-proxying)
2025-04-06 19:13:42 [main] INFO  o.s.c.s.PostProcessorRegistrationDelegate$BeanPostProcessorChecker - Bean 'io.sentry.spring.tracing.SentryAdviceConfiguration' of type [io.sentry.spring.tracing.SentryAdviceConfiguration] is not eligible for getting processed by all BeanPostProcessors (for example: not eligible for auto-proxying)
2025-04-06 19:13:42 [main] INFO  o.s.c.s.PostProcessorRegistrationDelegate$BeanPostProcessorChecker - Bean 'io.sentry.spring.tracing.SentrySpanPointcutConfiguration' of type [io.sentry.spring.tracing.SentrySpanPointcutConfiguration] is not eligible for getting processed by all BeanPostProcessors (for example: not eligible for auto-proxying)
2025-04-06 19:13:42 [main] INFO  o.s.c.s.PostProcessorRegistrationDelegate$BeanPostProcessorChecker - Bean 'sentrySpanPointcut' of type [org.springframework.aop.support.ComposablePointcut] is not eligible for getting processed by all BeanPostProcessors (for example: not eligible for auto-proxying)
2025-04-06 19:13:42 [main] INFO  o.s.c.s.PostProcessorRegistrationDelegate$BeanPostProcessorChecker - Bean 'sentrySpanAdvice' of type [io.sentry.spring.tracing.SentrySpanAdvice] is not eligible for getting processed by all BeanPostProcessors (for example: not eligible for auto-proxying)
2025-04-06 19:13:42 [main] INFO  o.s.c.s.PostProcessorRegistrationDelegate$BeanPostProcessorChecker - Bean 'sentrySpanAdvisor' of type [org.springframework.aop.support.DefaultPointcutAdvisor] is not eligible for getting processed by all BeanPostProcessors (for example: not eligible for auto-proxying)
2025-04-06 19:13:42 [main] INFO  o.s.c.s.PostProcessorRegistrationDelegate$BeanPostProcessorChecker - Bean 'io.sentry.spring.tracing.SentryTransactionPointcutConfiguration' of type [io.sentry.spring.tracing.SentryTransactionPointcutConfiguration] is not eligible for getting processed by all BeanPostProcessors (for example: not eligible for auto-proxying)
2025-04-06 19:13:42 [main] INFO  o.s.c.s.PostProcessorRegistrationDelegate$BeanPostProcessorChecker - Bean 'sentryTransactionPointcut' of type [org.springframework.aop.support.ComposablePointcut] is not eligible for getting processed by all BeanPostProcessors (for example: not eligible for auto-proxying)
2025-04-06 19:13:42 [main] INFO  o.s.c.s.PostProcessorRegistrationDelegate$BeanPostProcessorChecker - Bean 'sentryTransactionAdvice' of type [io.sentry.spring.tracing.SentryTransactionAdvice] is not eligible for getting processed by all BeanPostProcessors (for example: not eligible for auto-proxying)
2025-04-06 19:13:42 [main] INFO  o.s.c.s.PostProcessorRegistrationDelegate$BeanPostProcessorChecker - Bean 'sentryTransactionAdvisor' of type [org.springframework.aop.support.DefaultPointcutAdvisor] is not eligible for getting processed by all BeanPostProcessors (for example: not eligible for auto-proxying)
2025-04-06 19:13:42 [main] INFO  o.s.b.w.e.tomcat.TomcatWebServer - Tomcat initialized with port(s): 8080 (http)
2025-04-06 19:13:42 [main] INFO  o.a.catalina.core.StandardService - Starting service [Tomcat]
2025-04-06 19:13:42 [main] INFO  o.a.catalina.core.StandardEngine - Starting Servlet engine: [Apache Tomcat/9.0.83]
2025-04-06 19:13:42 [main] INFO  o.a.c.c.C.[.[localhost].[/api] - Initializing Spring embedded WebApplicationContext
2025-04-06 19:13:42 [main] INFO  o.s.b.w.s.c.ServletWebServerApplicationContext - Root WebApplicationContext: initialization completed in 4457 ms
2025-04-06 19:13:43 [main] DEBUG c.e.b.s.JwtAuthenticationFilter - Filter 'jwtAuthenticationFilter' configured for use
2025-04-06 19:13:43 [main] INFO  o.h.jpa.internal.util.LogHelper - HHH000204: Processing PersistenceUnitInfo [name: default]
2025-04-06 19:13:43 [main] INFO  org.hibernate.Version - HHH000412: Hibernate ORM core version 5.6.15.Final
2025-04-06 19:13:43 [main] INFO  o.h.annotations.common.Version - HCANN000001: Hibernate Commons Annotations {5.1.2.Final}
2025-04-06 19:13:43 [main] INFO  com.zaxxer.hikari.HikariDataSource - HikariPool-1 - Starting...
2025-04-06 19:13:43 [main] INFO  com.zaxxer.hikari.HikariDataSource - HikariPool-1 - Start completed.
2025-04-06 19:13:43 [main] INFO  org.hibernate.dialect.Dialect - HHH000400: Using dialect: org.hibernate.dialect.PostgreSQLDialect
2025-04-06 19:13:44 [main] INFO  o.h.e.t.j.p.i.JtaPlatformInitiator - HHH000490: Using JtaPlatform implementation: [org.hibernate.engine.transaction.jta.platform.internal.NoJtaPlatform]
2025-04-06 19:13:44 [main] INFO  o.s.o.j.LocalContainerEntityManagerFactoryBean - Initialized JPA EntityManagerFactory for persistence unit 'default'
2025-04-06 19:13:44 [main] WARN  o.s.b.w.s.c.AnnotationConfigServletWebServerApplicationContext - Exception encountered during context initialization - cancelling refresh attempt: org.springframework.beans.factory.BeanCreationException: Error creating bean with name 'jwtTokenProvider': Injection of autowired dependencies failed; nested exception is java.lang.IllegalArgumentException: Could not resolve placeholder 'app.jwtSecret' in value "${app.jwtSecret}"
2025-04-06 19:13:44 [main] INFO  o.s.o.j.LocalContainerEntityManagerFactoryBean - Closing JPA EntityManagerFactory for persistence unit 'default'
2025-04-06 19:13:44 [main] INFO  com.zaxxer.hikari.HikariDataSource - HikariPool-1 - Shutdown initiated...
2025-04-06 19:13:44 [main] INFO  com.zaxxer.hikari.HikariDataSource - HikariPool-1 - Shutdown completed.
2025-04-06 19:13:44 [main] INFO  o.a.catalina.core.StandardService - Stopping service [Tomcat]
2025-04-06 19:13:44 [main] INFO  o.s.b.a.l.ConditionEvaluationReportLoggingListener - 

Error starting ApplicationContext. To display the conditions report re-run your application with 'debug' enabled.
2025-04-06 19:13:44 [main] ERROR o.s.boot.SpringApplication - Application run failed
org.springframework.beans.factory.BeanCreationException: Error creating bean with name 'jwtTokenProvider': Injection of autowired dependencies failed; nested exception is java.lang.IllegalArgumentException: Could not resolve placeholder 'app.jwtSecret' in value "${app.jwtSecret}"
	at org.springframework.beans.factory.annotation.AutowiredAnnotationBeanPostProcessor.postProcessProperties(AutowiredAnnotationBeanPostProcessor.java:414)
	at org.springframework.beans.factory.support.AbstractAutowireCapableBeanFactory.populateBean(AbstractAutowireCapableBeanFactory.java:1431)
	at org.springframework.beans.factory.support.AbstractAutowireCapableBeanFactory.doCreateBean(AbstractAutowireCapableBeanFactory.java:619)
	at org.springframework.beans.factory.support.AbstractAutowireCapableBeanFactory.createBean(AbstractAutowireCapableBeanFactory.java:542)
	at org.springframework.beans.factory.support.AbstractBeanFactory.lambda$doGetBean$0(AbstractBeanFactory.java:335)
	at org.springframework.beans.factory.support.DefaultSingletonBeanRegistry.getSingleton(DefaultSingletonBeanRegistry.java:234)
	at org.springframework.beans.factory.support.AbstractBeanFactory.doGetBean(AbstractBeanFactory.java:333)
	at org.springframework.beans.factory.support.AbstractBeanFactory.getBean(AbstractBeanFactory.java:208)
	at org.springframework.beans.factory.support.DefaultListableBeanFactory.preInstantiateSingletons(DefaultListableBeanFactory.java:955)
	at org.springframework.context.support.AbstractApplicationContext.finishBeanFactoryInitialization(AbstractApplicationContext.java:929)
	at org.springframework.context.support.AbstractApplicationContext.refresh(AbstractApplicationContext.java:591)
	at org.springframework.boot.web.servlet.context.ServletWebServerApplicationContext.refresh(ServletWebServerApplicationContext.java:147)
	at org.springframework.boot.SpringApplication.refresh(SpringApplication.java:732)
	at org.springframework.boot.SpringApplication.refreshContext(SpringApplication.java:409)
	at org.springframework.boot.SpringApplication.run(SpringApplication.java:308)
	at org.springframework.boot.SpringApplication.run(SpringApplication.java:1300)
	at org.springframework.boot.SpringApplication.run(SpringApplication.java:1289)
	at com.example.base.Application.main(Application.java:15)
	at java.base/jdk.internal.reflect.NativeMethodAccessorImpl.invoke0(Native Method)
	at java.base/jdk.internal.reflect.NativeMethodAccessorImpl.invoke(NativeMethodAccessorImpl.java:62)
	at java.base/jdk.internal.reflect.DelegatingMethodAccessorImpl.invoke(DelegatingMethodAccessorImpl.java:43)
	at java.base/java.lang.reflect.Method.invoke(Method.java:566)
	at org.springframework.boot.loader.MainMethodRunner.run(MainMethodRunner.java:49)
	at org.springframework.boot.loader.Launcher.launch(Launcher.java:108)
	at org.springframework.boot.loader.Launcher.launch(Launcher.java:58)
	at org.springframework.boot.loader.JarLauncher.main(JarLauncher.java:65)
Caused by: java.lang.IllegalArgumentException: Could not resolve placeholder 'app.jwtSecret' in value "${app.jwtSecret}"
	at org.springframework.util.PropertyPlaceholderHelper.parseStringValue(PropertyPlaceholderHelper.java:180)
	at org.springframework.util.PropertyPlaceholderHelper.replacePlaceholders(PropertyPlaceholderHelper.java:126)
	at org.springframework.core.env.AbstractPropertyResolver.doResolvePlaceholders(AbstractPropertyResolver.java:239)
	at org.springframework.core.env.AbstractPropertyResolver.resolveRequiredPlaceholders(AbstractPropertyResolver.java:210)
	at org.springframework.context.support.PropertySourcesPlaceholderConfigurer.lambda$processProperties$0(PropertySourcesPlaceholderConfigurer.java:191)
	at org.springframework.beans.factory.support.AbstractBeanFactory.resolveEmbeddedValue(AbstractBeanFactory.java:936)
	at org.springframework.beans.factory.support.DefaultListableBeanFactory.doResolveDependency(DefaultListableBeanFactory.java:1332)
	at org.springframework.beans.factory.support.DefaultListableBeanFactory.resolveDependency(DefaultListableBeanFactory.java:1311)
	at org.springframework.beans.factory.annotation.AutowiredAnnotationBeanPostProcessor$AutowiredFieldElement.resolveFieldValue(AutowiredAnnotationBeanPostProcessor.java:710)
	at org.springframework.beans.factory.annotation.AutowiredAnnotationBeanPostProcessor$AutowiredFieldElement.inject(AutowiredAnnotationBeanPostProcessor.java:693)
	at org.springframework.beans.factory.annotation.InjectionMetadata.inject(InjectionMetadata.java:119)
	at org.springframework.beans.factory.annotation.AutowiredAnnotationBeanPostProcessor.postProcessProperties(AutowiredAnnotationBeanPostProcessor.java:408)
	... 25 common frames omitted
